<?xml version="1.0" encoding="UTF-8"?>
<!-- Generated by org.testng.reporters.JUnitReportReporter -->
<testsuite hostname="Toshif" failures="0" tests="1" name="com.organization.OrganizationTest" time="13.113" errors="0" timestamp="10 Oct 2023 16:15:38 GMT" skipped="0">
  <testcase classname="com.organization.OrganizationTest" name="organizationPage1" time="13.113"/>
</testsuite> <!-- com.organization.OrganizationTest -->
