<?xml version="1.0" encoding="UTF-8"?>
<!-- Generated by org.testng.reporters.JUnitReportReporter -->
<testsuite hostname="Toshif" failures="0" tests="1" name="com.PractiseExcersise.ReadDataCmdLine" time="0.000" errors="0" timestamp="10 Oct 2023 16:10:22 GMT" skipped="0">
  <testcase classname="com.PractiseExcersise.ReadDataCmdLine" name="cmdlineRead" time="0.000"/>
</testsuite> <!-- com.PractiseExcersise.ReadDataCmdLine -->
